2023-06-23 7:54:57 - PHP Warning:  mysqli::__construct(): (HY000/2002): No such file or directory in /data/sites/web/bonottinl/www/system/library/db/mysqli.php on line 8
2023-06-23 7:57:31 - PHP Warning:  mysqli::__construct(): (HY000/2002): No such file or directory in /data/sites/web/bonottinl/www/system/library/db/mysqli.php on line 8
2023-06-23 7:57:35 - PHP Warning:  mysqli::__construct(): (HY000/2002): No such file or directory in /data/sites/web/bonottinl/www/system/library/db/mysqli.php on line 8
2023-06-23 7:58:49 - PHP Warning:  mysqli::__construct(): (HY000/2002): Connection timed out in /data/sites/web/bonottinl/www/system/library/db/mysqli.php on line 8
2023-06-23 7:59:58 - PHP Warning:  mysqli::__construct(): (HY000/2002): Connection timed out in /data/sites/web/bonottinl/www/system/library/db/mysqli.php on line 8
2023-06-23 8:00:29 - PHP Warning:  mysqli::__construct(): (HY000/2002): No such file or directory in /data/sites/web/bonottinl/www/system/library/db/mysqli.php on line 8
2023-06-23 8:00:39 - PHP Warning:  mysqli::__construct(): (HY000/2002): No such file or directory in /data/sites/web/bonottinl/www/system/library/db/mysqli.php on line 8
2023-06-23 8:01:01 - PHP Warning:  mysqli::__construct(): (HY000/2002): No such file or directory in /data/sites/web/bonottinl/www/system/library/db/mysqli.php on line 8
2023-06-23 8:05:24 - PHP Warning:  mysqli::__construct(): (HY000/2002): No such file or directory in /data/sites/web/bonottinl/www/system/library/db/mysqli.php on line 8
2023-06-23 8:06:11 - PHP Warning:  mysqli::__construct(): (HY000/2002): No such file or directory in /data/sites/web/bonottinl/www/system/library/db/mysqli.php on line 8
2023-06-23 8:23:26 - PHP Warning:  googleshopping\Googleshopping::integer(): Argument #1 ($product_id) must be passed by reference, value given in /data/sites/web/bonottinl/www/system/library/googleshopping/googleshopping.php on line 583
2023-06-23 8:23:26 - PHP Warning:  googleshopping\Googleshopping::integer(): Argument #1 ($product_id) must be passed by reference, value given in /data/sites/web/bonottinl/www/system/library/googleshopping/googleshopping.php on line 583
2023-06-23 8:23:26 - PHP Warning:  googleshopping\Googleshopping::integer(): Argument #1 ($product_id) must be passed by reference, value given in /data/sites/web/bonottinl/www/system/library/googleshopping/googleshopping.php on line 583
2023-06-23 8:23:26 - PHP Warning:  googleshopping\Googleshopping::integer(): Argument #1 ($product_id) must be passed by reference, value given in /data/sites/web/bonottinl/www/system/library/googleshopping/googleshopping.php on line 583
2023-06-23 8:23:26 - PHP Warning:  googleshopping\Googleshopping::integer(): Argument #1 ($product_id) must be passed by reference, value given in /data/sites/web/bonottinl/www/system/library/googleshopping/googleshopping.php on line 583
2023-06-23 8:23:26 - PHP Warning:  googleshopping\Googleshopping::integer(): Argument #1 ($product_id) must be passed by reference, value given in /data/sites/web/bonottinl/www/system/library/googleshopping/googleshopping.php on line 583
2023-06-23 8:23:26 - PHP Warning:  googleshopping\Googleshopping::integer(): Argument #1 ($product_id) must be passed by reference, value given in /data/sites/web/bonottinl/www/system/library/googleshopping/googleshopping.php on line 583
2023-06-23 8:23:26 - PHP Warning:  googleshopping\Googleshopping::integer(): Argument #1 ($product_id) must be passed by reference, value given in /data/sites/web/bonottinl/www/system/library/googleshopping/googleshopping.php on line 583
2023-06-23 8:23:26 - PHP Warning:  googleshopping\Googleshopping::integer(): Argument #1 ($product_id) must be passed by reference, value given in /data/sites/web/bonottinl/www/system/library/googleshopping/googleshopping.php on line 583
2023-06-23 8:23:26 - PHP Warning:  googleshopping\Googleshopping::integer(): Argument #1 ($product_id) must be passed by reference, value given in /data/sites/web/bonottinl/www/system/library/googleshopping/googleshopping.php on line 583
2023-06-23 8:23:26 - PHP Warning:  googleshopping\Googleshopping::integer(): Argument #1 ($product_id) must be passed by reference, value given in /data/sites/web/bonottinl/www/system/library/googleshopping/googleshopping.php on line 583
2023-06-23 8:23:26 - PHP Warning:  googleshopping\Googleshopping::integer(): Argument #1 ($product_id) must be passed by reference, value given in /data/sites/web/bonottinl/www/system/library/googleshopping/googleshopping.php on line 583
2023-06-23 8:23:26 - PHP Warning:  googleshopping\Googleshopping::integer(): Argument #1 ($product_id) must be passed by reference, value given in /data/sites/web/bonottinl/www/system/library/googleshopping/googleshopping.php on line 583
2023-06-23 8:23:26 - PHP Warning:  googleshopping\Googleshopping::integer(): Argument #1 ($product_id) must be passed by reference, value given in /data/sites/web/bonottinl/www/system/library/googleshopping/googleshopping.php on line 583
2023-06-23 8:23:26 - PHP Warning:  googleshopping\Googleshopping::integer(): Argument #1 ($product_id) must be passed by reference, value given in /data/sites/web/bonottinl/www/system/library/googleshopping/googleshopping.php on line 583
2023-06-23 8:23:26 - PHP Warning:  googleshopping\Googleshopping::integer(): Argument #1 ($product_id) must be passed by reference, value given in /data/sites/web/bonottinl/www/system/library/googleshopping/googleshopping.php on line 583
2023-06-23 8:23:26 - PHP Warning:  googleshopping\Googleshopping::integer(): Argument #1 ($product_id) must be passed by reference, value given in /data/sites/web/bonottinl/www/system/library/googleshopping/googleshopping.php on line 583
2023-06-23 8:23:26 - PHP Warning:  googleshopping\Googleshopping::integer(): Argument #1 ($product_id) must be passed by reference, value given in /data/sites/web/bonottinl/www/system/library/googleshopping/googleshopping.php on line 583
2023-06-23 8:23:26 - PHP Warning:  googleshopping\Googleshopping::integer(): Argument #1 ($product_id) must be passed by reference, value given in /data/sites/web/bonottinl/www/system/library/googleshopping/googleshopping.php on line 583
2023-06-23 8:23:26 - PHP Warning:  googleshopping\Googleshopping::integer(): Argument #1 ($product_id) must be passed by reference, value given in /data/sites/web/bonottinl/www/system/library/googleshopping/googleshopping.php on line 583
2023-06-23 8:23:26 - PHP Warning:  googleshopping\Googleshopping::integer(): Argument #1 ($product_id) must be passed by reference, value given in /data/sites/web/bonottinl/www/system/library/googleshopping/googleshopping.php on line 583
2023-06-23 8:23:26 - PHP Warning:  googleshopping\Googleshopping::integer(): Argument #1 ($product_id) must be passed by reference, value given in /data/sites/web/bonottinl/www/system/library/googleshopping/googleshopping.php on line 583
2023-06-23 8:23:26 - PHP Warning:  googleshopping\Googleshopping::integer(): Argument #1 ($product_id) must be passed by reference, value given in /data/sites/web/bonottinl/www/system/library/googleshopping/googleshopping.php on line 583
2023-06-23 8:23:26 - PHP Warning:  googleshopping\Googleshopping::integer(): Argument #1 ($product_id) must be passed by reference, value given in /data/sites/web/bonottinl/www/system/library/googleshopping/googleshopping.php on line 583
2023-06-23 8:23:26 - PHP Warning:  googleshopping\Googleshopping::integer(): Argument #1 ($product_id) must be passed by reference, value given in /data/sites/web/bonottinl/www/system/library/googleshopping/googleshopping.php on line 583
2023-06-23 8:23:26 - PHP Warning:  googleshopping\Googleshopping::integer(): Argument #1 ($product_id) must be passed by reference, value given in /data/sites/web/bonottinl/www/system/library/googleshopping/googleshopping.php on line 583
2023-06-23 8:23:26 - PHP Warning:  googleshopping\Googleshopping::integer(): Argument #1 ($product_id) must be passed by reference, value given in /data/sites/web/bonottinl/www/system/library/googleshopping/googleshopping.php on line 583
2023-06-23 8:23:26 - PHP Warning:  googleshopping\Googleshopping::integer(): Argument #1 ($product_id) must be passed by reference, value given in /data/sites/web/bonottinl/www/system/library/googleshopping/googleshopping.php on line 583
2023-06-23 8:23:26 - PHP Warning:  googleshopping\Googleshopping::integer(): Argument #1 ($product_id) must be passed by reference, value given in /data/sites/web/bonottinl/www/system/library/googleshopping/googleshopping.php on line 583
2023-06-23 8:23:26 - PHP Warning:  googleshopping\Googleshopping::integer(): Argument #1 ($product_id) must be passed by reference, value given in /data/sites/web/bonottinl/www/system/library/googleshopping/googleshopping.php on line 583
2023-06-23 8:23:26 - PHP Warning:  googleshopping\Googleshopping::integer(): Argument #1 ($product_id) must be passed by reference, value given in /data/sites/web/bonottinl/www/system/library/googleshopping/googleshopping.php on line 583
2023-06-23 8:23:26 - PHP Warning:  googleshopping\Googleshopping::integer(): Argument #1 ($product_id) must be passed by reference, value given in /data/sites/web/bonottinl/www/system/library/googleshopping/googleshopping.php on line 583
2023-06-23 8:23:26 - PHP Warning:  googleshopping\Googleshopping::integer(): Argument #1 ($product_id) must be passed by reference, value given in /data/sites/web/bonottinl/www/system/library/googleshopping/googleshopping.php on line 583
2023-06-23 8:23:26 - PHP Warning:  googleshopping\Googleshopping::integer(): Argument #1 ($product_id) must be passed by reference, value given in /data/sites/web/bonottinl/www/system/library/googleshopping/googleshopping.php on line 583
2023-06-23 8:23:26 - PHP Warning:  googleshopping\Googleshopping::integer(): Argument #1 ($product_id) must be passed by reference, value given in /data/sites/web/bonottinl/www/system/library/googleshopping/googleshopping.php on line 583
2023-06-23 8:23:26 - PHP Warning:  googleshopping\Googleshopping::integer(): Argument #1 ($product_id) must be passed by reference, value given in /data/sites/web/bonottinl/www/system/library/googleshopping/googleshopping.php on line 583
2023-06-23 8:23:26 - PHP Warning:  googleshopping\Googleshopping::integer(): Argument #1 ($product_id) must be passed by reference, value given in /data/sites/web/bonottinl/www/system/library/googleshopping/googleshopping.php on line 583
2023-06-23 8:23:26 - PHP Warning:  googleshopping\Googleshopping::integer(): Argument #1 ($product_id) must be passed by reference, value given in /data/sites/web/bonottinl/www/system/library/googleshopping/googleshopping.php on line 583
2023-06-23 8:23:26 - PHP Warning:  googleshopping\Googleshopping::integer(): Argument #1 ($product_id) must be passed by reference, value given in /data/sites/web/bonottinl/www/system/library/googleshopping/googleshopping.php on line 583
2023-06-23 8:23:26 - PHP Warning:  googleshopping\Googleshopping::integer(): Argument #1 ($product_id) must be passed by reference, value given in /data/sites/web/bonottinl/www/system/library/googleshopping/googleshopping.php on line 583
2023-06-23 8:23:26 - PHP Warning:  googleshopping\Googleshopping::integer(): Argument #1 ($product_id) must be passed by reference, value given in /data/sites/web/bonottinl/www/system/library/googleshopping/googleshopping.php on line 583
2023-06-23 8:23:26 - PHP Warning:  googleshopping\Googleshopping::integer(): Argument #1 ($product_id) must be passed by reference, value given in /data/sites/web/bonottinl/www/system/library/googleshopping/googleshopping.php on line 583
2023-06-23 8:23:26 - PHP Warning:  googleshopping\Googleshopping::integer(): Argument #1 ($product_id) must be passed by reference, value given in /data/sites/web/bonottinl/www/system/library/googleshopping/googleshopping.php on line 583
2023-06-23 8:23:26 - PHP Warning:  googleshopping\Googleshopping::integer(): Argument #1 ($product_id) must be passed by reference, value given in /data/sites/web/bonottinl/www/system/library/googleshopping/googleshopping.php on line 583
2023-06-23 8:23:26 - PHP Warning:  googleshopping\Googleshopping::integer(): Argument #1 ($product_id) must be passed by reference, value given in /data/sites/web/bonottinl/www/system/library/googleshopping/googleshopping.php on line 583
2023-06-23 8:23:57 - PHP Warning:  googleshopping\Googleshopping::integer(): Argument #1 ($product_id) must be passed by reference, value given in /data/sites/web/bonottinl/www/system/library/googleshopping/googleshopping.php on line 583
2023-06-23 8:23:57 - PHP Warning:  googleshopping\Googleshopping::integer(): Argument #1 ($product_id) must be passed by reference, value given in /data/sites/web/bonottinl/www/system/library/googleshopping/googleshopping.php on line 583
2023-06-23 8:23:57 - PHP Warning:  googleshopping\Googleshopping::integer(): Argument #1 ($product_id) must be passed by reference, value given in /data/sites/web/bonottinl/www/system/library/googleshopping/googleshopping.php on line 583
2023-06-23 8:23:57 - PHP Warning:  googleshopping\Googleshopping::integer(): Argument #1 ($product_id) must be passed by reference, value given in /data/sites/web/bonottinl/www/system/library/googleshopping/googleshopping.php on line 583
2023-06-23 8:23:57 - PHP Warning:  googleshopping\Googleshopping::integer(): Argument #1 ($product_id) must be passed by reference, value given in /data/sites/web/bonottinl/www/system/library/googleshopping/googleshopping.php on line 583
2023-06-23 8:23:57 - PHP Warning:  googleshopping\Googleshopping::integer(): Argument #1 ($product_id) must be passed by reference, value given in /data/sites/web/bonottinl/www/system/library/googleshopping/googleshopping.php on line 583
2023-06-29 7:44:15 - PHP Warning:  file_get_contents(/data/sites/web/bonottinl/www/admin/../vqmod/install/index.php): Failed to open stream: No such file or directory in /data/sites/web/bonottinl/www/admin/controller/extension/payment/_mollie.php on line 76
2023-08-15 20:27:14 - PHP Warning:  unlink(/data/sites/web/bonottinl/www/storage/cache/cache.currency.1692124236): No such file or directory in /data/sites/web/bonottinl/www/system/library/cache/file.php on line 17
2023-10-23 22:23:55 - PHP Warning:  unlink(/data/sites/web/bonottinl/www/storage/cache/cache.catalog.language.1698097862): No such file or directory in /data/sites/web/bonottinl/www/system/library/cache/file.php on line 17
2023-12-11 12:25:04 - PHP Warning:  googleshopping\Googleshopping::integer(): Argument #1 ($product_id) must be passed by reference, value given in /data/sites/web/bonottinl/www/system/library/googleshopping/googleshopping.php on line 583
2023-12-11 12:25:04 - PHP Warning:  googleshopping\Googleshopping::integer(): Argument #1 ($product_id) must be passed by reference, value given in /data/sites/web/bonottinl/www/system/library/googleshopping/googleshopping.php on line 583
2023-12-11 12:25:04 - PHP Warning:  googleshopping\Googleshopping::integer(): Argument #1 ($product_id) must be passed by reference, value given in /data/sites/web/bonottinl/www/system/library/googleshopping/googleshopping.php on line 583
2023-12-11 12:25:04 - PHP Warning:  googleshopping\Googleshopping::integer(): Argument #1 ($product_id) must be passed by reference, value given in /data/sites/web/bonottinl/www/system/library/googleshopping/googleshopping.php on line 583
2023-12-11 12:25:04 - PHP Warning:  googleshopping\Googleshopping::integer(): Argument #1 ($product_id) must be passed by reference, value given in /data/sites/web/bonottinl/www/system/library/googleshopping/googleshopping.php on line 583
2023-12-11 12:25:04 - PHP Warning:  googleshopping\Googleshopping::integer(): Argument #1 ($product_id) must be passed by reference, value given in /data/sites/web/bonottinl/www/system/library/googleshopping/googleshopping.php on line 583
2023-12-11 13:25:10 - PHP Warning:  googleshopping\Googleshopping::integer(): Argument #1 ($product_id) must be passed by reference, value given in /data/sites/web/bonottinl/www/system/library/googleshopping/googleshopping.php on line 583
