2023-06-29 7:42:56 - MOD: Modification Default

FILE: system/engine/action.php
REGEX: ~(require|include)(_once)?\(([^)]+)~
LINE: 69

FILE: system/engine/loader.php
REGEX: ~(require|include)(_once)?\(([^)]+)~
LINE: 77
LINE: 151
LINE: 168

FILE: system/library/config.php
REGEX: ~(require|include)(_once)?\(([^)]+)~
LINE: 59

FILE: system/library/language.php
REGEX: ~(require|include)(_once)?\(([^)]+)~
LINE: 67
LINE: 73

FILE: system/library/template/template.php
REGEX: ~(require|include)(_once)?\(([^)]+)~
LINE: 18

FILE: system/library/template/twig.php
CODE: if (is_file($file)) {
LINE: 13
----------------------------------------------------------------
2023-06-29 7:44:04 - MOD: Modification Default

FILE: system/engine/action.php
REGEX: ~(require|include)(_once)?\(([^)]+)~
LINE: 69

FILE: system/engine/loader.php
REGEX: ~(require|include)(_once)?\(([^)]+)~
LINE: 77
LINE: 151
LINE: 168

FILE: system/library/config.php
REGEX: ~(require|include)(_once)?\(([^)]+)~
LINE: 59

FILE: system/library/language.php
REGEX: ~(require|include)(_once)?\(([^)]+)~
LINE: 67
LINE: 73

FILE: system/library/template/template.php
REGEX: ~(require|include)(_once)?\(([^)]+)~
LINE: 18

FILE: system/library/template/twig.php
CODE: if (is_file($file)) {
LINE: 13
----------------------------------------------------------------
MOD: Mollie Installer
----------------------------------------------------------------
2023-06-29 7:45:08 - MOD: Modification Default

FILE: system/engine/action.php
REGEX: ~(require|include)(_once)?\(([^)]+)~
LINE: 69

FILE: system/engine/loader.php
REGEX: ~(require|include)(_once)?\(([^)]+)~
LINE: 77
LINE: 151
LINE: 168

FILE: system/library/config.php
REGEX: ~(require|include)(_once)?\(([^)]+)~
LINE: 59

FILE: system/library/language.php
REGEX: ~(require|include)(_once)?\(([^)]+)~
LINE: 67
LINE: 73

FILE: system/library/template/template.php
REGEX: ~(require|include)(_once)?\(([^)]+)~
LINE: 18

FILE: system/library/template/twig.php
CODE: if (is_file($file)) {
LINE: 13
----------------------------------------------------------------
MOD: Quality Works - Mollie Fixes

FILE: (sub modification) system/engine/action.php
CODE: if (is_dir(DIR_APPLICATION . 'controller/' . $path)) {
NOT FOUND - OPERATION SKIPPED!
----------------------------------------------------------------
MOD: Quality Works - Mollie

FILE: catalog/controller/api/order.php
CODE: $this->model_checkout_order->addOrderHistory($order_id, $this->request->post['order_status_id']
LINE: 806

FILE: admin/controller/sale/order.php
CODE: $this->response->setOutput($this->load->view('sale/order_info
LINE: 1358
CODE: class ControllerSaleOrder
LINE: 2
CODE: $data['heading_title']
NOT FOUND - OPERATION SKIPPED!
CODE: public function info() {
LINE: 742
CODE: $data['store_name']
LINE: 859
CODE: public function index()
LINE: 273
CODE: $this->data['success']
NOT FOUND - OPERATION SKIPPED!
CODE: $this->template = 'sale/order_info.tpl';
NOT FOUND - OPERATION SKIPPED!
CODE: $this->data['button_add_history']
NOT FOUND - OPERATION SKIPPED!
CODE: $this->data['email']
NOT FOUND - OPERATION SKIPPED!

FILE: admin/model/sale/order.php
CODE: public function getOrder($order_id)
LINE: 41
CODE: public function getOrderHistories($order_id, $start = 0, $limit = 10) {
LINE: 477

FILE: admin/controller/startup/login.php
CODE: 'common/login',
LINE: 8
LINE: 24

FILE: admin/controller/common/login.php
CODE: $ignore = array(
NOT FOUND - OPERATION SKIPPED!

FILE: admin/language/en-gb/sale/order.php
CODE: // Text
LINE: 30

FILE: admin/language/nl-nl/sale/order.php
CODE: // Text
LINE: 30

FILE: admin/view/template/sale/order_info.twig
CODE: <td>{{ payment_method }}</td>
LINE: 32
CODE: <li><a href="#tab-additional"
LINE: 236
CODE: <div class="tab-pane" id="tab-additional">
LINE: 357
CODE: {{ footer }}
LINE: 862

FILE: admin/view/template/common/dashboard.twig
CODE: <div class="container-fluid">{% if error_install %}
LINE: 15

FILE: admin/controller/common/dashboard.php
CODE: $this->load->language('common/dashboard');
LINE: 41

FILE: catalog/controller/checkout/checkout.php
CODE: public function index() {
LINE: 6

FILE: catalog/controller/checkout/confirm.php
CODE: $order_data['payment_method'] = '';
LINE: 161

FILE: system/library/cart/cart.php
CODE: $recurring = array(
LINE: 224

FILE: (sub modification) system/library/template/twig.php
CODE: $file = DIR_TEMPLATE . $filename . '.twig';
LINE: 11

FILE: admin/controller/extension/extension/payment.php
CODE: $data['extensions'][] = array(
LINE: 102

FILE: admin/controller/extension/extension/total.php
CODE: $data['extensions'][] = array(
LINE: 92

FILE: catalog/controller/account/login.php
CODE: if (!empty($this->request->get['token'])) {
LINE: 11

FILE: admin/controller/catalog/product.php
CODE: if (isset($this->request->post['product_store']))
LINE: 706

FILE: admin/model/catalog/product.php
CODE: if (isset($data['product_store'])) {
LINE: 20
LINE: 166

FILE: admin/language/en-gb/catalog/product.php
CODE: // Entry
LINE: 32

FILE: admin/language/nl-nl/catalog/product.php
CODE: // Entry
LINE: 32

FILE: admin/view/template/catalog/product_form.twig
CODE: <label class="col-sm-2 control-label" for="input-filter">
LINE: 410

FILE: catalog/model/catalog/product.php
CODE: p.image,
LINE: 7
CODE: $query->row['image'],
LINE: 29

FILE: catalog/controller/checkout/payment_method.php
CODE: if ($recurring) {
LINE: 60
----------------------------------------------------------------
MOD: Mollie Installer
----------------------------------------------------------------
2023-06-29 7:45:18 - MOD: Modification Default

FILE: system/engine/action.php
REGEX: ~(require|include)(_once)?\(([^)]+)~
LINE: 69

FILE: system/engine/loader.php
REGEX: ~(require|include)(_once)?\(([^)]+)~
LINE: 77
LINE: 151
LINE: 168

FILE: system/library/config.php
REGEX: ~(require|include)(_once)?\(([^)]+)~
LINE: 59

FILE: system/library/language.php
REGEX: ~(require|include)(_once)?\(([^)]+)~
LINE: 67
LINE: 73

FILE: system/library/template/template.php
REGEX: ~(require|include)(_once)?\(([^)]+)~
LINE: 18

FILE: system/library/template/twig.php
CODE: if (is_file($file)) {
LINE: 13
----------------------------------------------------------------
MOD: Quality Works - Mollie Fixes

FILE: (sub modification) system/engine/action.php
CODE: if (is_dir(DIR_APPLICATION . 'controller/' . $path)) {
NOT FOUND - OPERATION SKIPPED!
----------------------------------------------------------------
MOD: Quality Works - Mollie

FILE: catalog/controller/api/order.php
CODE: $this->model_checkout_order->addOrderHistory($order_id, $this->request->post['order_status_id']
LINE: 806

FILE: admin/controller/sale/order.php
CODE: $this->response->setOutput($this->load->view('sale/order_info
LINE: 1358
CODE: class ControllerSaleOrder
LINE: 2
CODE: $data['heading_title']
NOT FOUND - OPERATION SKIPPED!
CODE: public function info() {
LINE: 742
CODE: $data['store_name']
LINE: 859
CODE: public function index()
LINE: 273
CODE: $this->data['success']
NOT FOUND - OPERATION SKIPPED!
CODE: $this->template = 'sale/order_info.tpl';
NOT FOUND - OPERATION SKIPPED!
CODE: $this->data['button_add_history']
NOT FOUND - OPERATION SKIPPED!
CODE: $this->data['email']
NOT FOUND - OPERATION SKIPPED!

FILE: admin/model/sale/order.php
CODE: public function getOrder($order_id)
LINE: 41
CODE: public function getOrderHistories($order_id, $start = 0, $limit = 10) {
LINE: 477

FILE: admin/controller/startup/login.php
CODE: 'common/login',
LINE: 8
LINE: 24

FILE: admin/controller/common/login.php
CODE: $ignore = array(
NOT FOUND - OPERATION SKIPPED!

FILE: admin/language/en-gb/sale/order.php
CODE: // Text
LINE: 30

FILE: admin/language/nl-nl/sale/order.php
CODE: // Text
LINE: 30

FILE: admin/view/template/sale/order_info.twig
CODE: <td>{{ payment_method }}</td>
LINE: 32
CODE: <li><a href="#tab-additional"
LINE: 236
CODE: <div class="tab-pane" id="tab-additional">
LINE: 357
CODE: {{ footer }}
LINE: 862

FILE: admin/view/template/common/dashboard.twig
CODE: <div class="container-fluid">{% if error_install %}
LINE: 15

FILE: admin/controller/common/dashboard.php
CODE: $this->load->language('common/dashboard');
LINE: 41

FILE: catalog/controller/checkout/checkout.php
CODE: public function index() {
LINE: 6

FILE: catalog/controller/checkout/confirm.php
CODE: $order_data['payment_method'] = '';
LINE: 161

FILE: system/library/cart/cart.php
CODE: $recurring = array(
LINE: 224

FILE: (sub modification) system/library/template/twig.php
CODE: $file = DIR_TEMPLATE . $filename . '.twig';
LINE: 11

FILE: admin/controller/extension/extension/payment.php
CODE: $data['extensions'][] = array(
LINE: 102

FILE: admin/controller/extension/extension/total.php
CODE: $data['extensions'][] = array(
LINE: 92

FILE: catalog/controller/account/login.php
CODE: if (!empty($this->request->get['token'])) {
LINE: 11

FILE: admin/controller/catalog/product.php
CODE: if (isset($this->request->post['product_store']))
LINE: 706

FILE: admin/model/catalog/product.php
CODE: if (isset($data['product_store'])) {
LINE: 20
LINE: 166

FILE: admin/language/en-gb/catalog/product.php
CODE: // Entry
LINE: 32

FILE: admin/language/nl-nl/catalog/product.php
CODE: // Entry
LINE: 32

FILE: admin/view/template/catalog/product_form.twig
CODE: <label class="col-sm-2 control-label" for="input-filter">
LINE: 410

FILE: catalog/model/catalog/product.php
CODE: p.image,
LINE: 7
CODE: $query->row['image'],
LINE: 29

FILE: catalog/controller/checkout/payment_method.php
CODE: if ($recurring) {
LINE: 60
----------------------------------------------------------------
MOD: Mollie Installer
----------------------------------------------------------------
